<?xml version="1.0" encoding="UTF-8"?>
<!-- Generated by org.testng.reporters.JUnitReportReporter -->
<testsuite hostname="DESKTOP-H8SHR0P" failures="0" tests="1" name="SeleniumPractice.Decoding" time="0.017" errors="0" timestamp="2023-04-20T15:56:32 IST" skipped="0">
  <testcase classname="SeleniumPractice.Decoding" name="m1" time="0.017"/>
  <system-out/>
</testsuite> <!-- SeleniumPractice.Decoding -->
