<?xml version="1.0" encoding="UTF-8"?>
<!-- Generated by org.testng.reporters.JUnitReportReporter -->
<testsuite hostname="DESKTOP-H8SHR0P" failures="0" tests="1" name="SeleniumPractice.IncognitoModeWebApp" time="9.467" errors="0" timestamp="2023-04-19T15:28:51 IST" skipped="0">
  <testcase classname="SeleniumPractice.IncognitoModeWebApp" name="incognitoMode" time="9.467"/>
  <system-out/>
</testsuite> <!-- SeleniumPractice.IncognitoModeWebApp -->
