<?xml version="1.0" encoding="UTF-8"?>
<!-- Generated by org.testng.reporters.JUnitReportReporter -->
<testsuite hostname="DESKTOP-H8SHR0P" failures="0" tests="1" name="SeleniumPractice.Encoding" time="0.022" errors="0" timestamp="2023-04-21T14:17:11 IST" skipped="0">
  <testcase classname="SeleniumPractice.Encoding" name="m1" time="0.022"/>
  <system-out/>
</testsuite> <!-- SeleniumPractice.Encoding -->
