<?xml version="1.0" encoding="UTF-8"?>
<!-- Generated by org.testng.reporters.JUnitReportReporter -->
<testsuite hostname="DESKTOP-H8SHR0P" failures="0" tests="2" name="SeleniumPractice.GroupingTestNg" time="0.013" errors="0" timestamp="2023-04-14T15:45:17 IST" skipped="0">
  <testcase classname="SeleniumPractice.GroupingTestNg" name="openPayment" time="0.001"/>
  <system-out/>
  <testcase classname="SeleniumPractice.GroupingTestNg" name="addProductToBag" time="0.012"/>
  <system-out/>
</testsuite> <!-- SeleniumPractice.GroupingTestNg -->
