<?xml version="1.0" encoding="UTF-8"?>
<!-- Generated by org.testng.reporters.JUnitReportReporter -->
<testsuite hostname="SHALINIK-IN" name="com.pack7.notification.Test2" tests="1" failures="0" timestamp="19 Apr 2023 03:10:55 GMT" time="0.107" errors="0">
  <testcase name="m1" time="0.107" classname="com.pack7.notification.Test2"/>
</testsuite> <!-- com.pack7.notification.Test2 -->
