<?xml version="1.0" encoding="UTF-8"?>
<!-- Generated by org.testng.reporters.JUnitReportReporter -->
<testsuite hostname="SHALINIK-IN" name="com.pack7.notification.Test1" tests="1" failures="0" timestamp="21 Apr 2023 03:53:12 GMT" time="10.260" errors="0">
  <testcase name="notificationTest" time="10.260" classname="com.pack7.notification.Test1"/>
</testsuite> <!-- com.pack7.notification.Test1 -->
