<?xml version="1.0" encoding="UTF-8"?>
<!-- Generated by org.testng.reporters.JUnitReportReporter -->
<testsuite hostname="My_Pc" failures="0" tests="1" name="practice.TestNgPractice" time="0.007" errors="0" timestamp="2023-04-19T13:13:45 IST" skipped="0">
  <testcase classname="practice.TestNgPractice" name="exitApp" time="0.007"/>
  <system-out/>
</testsuite> <!-- practice.TestNgPractice -->
