<?xml version="1.0" encoding="UTF-8"?>
<!-- Generated by org.testng.reporters.JUnitReportReporter -->
<testsuite hostname="DESKTOP-H8SHR0P" failures="0" tests="1" name="SeleniumPractice.BlockNotification" time="9.123" errors="0" timestamp="2023-04-19T14:15:51 IST" skipped="0">
  <testcase classname="SeleniumPractice.BlockNotification" name="notificationTest" time="9.123"/>
  <system-out/>
</testsuite> <!-- SeleniumPractice.BlockNotification -->
