<?xml version="1.0" encoding="UTF-8"?>
<!-- Generated by org.testng.reporters.JUnitReportReporter -->
<testsuite hostname="My_Pc" failures="0" tests="3" name="practice.Practice2" time="0.010" errors="0" timestamp="2023-04-19T14:09:02 IST" skipped="0">
  <testcase classname="practice.Practice2" name="searchProductTest" time="0.002"/>
  <system-out/>
  <testcase classname="practice.Practice2" name="addProductsToBagTest" time="0.006"/>
  <system-out/>
  <testcase classname="practice.Practice2" name="writeReviewTest" time="0.002"/>
  <system-out/>
</testsuite> <!-- practice.Practice2 -->
