<?xml version="1.0" encoding="UTF-8"?>
<!-- Generated by org.testng.reporters.JUnitReportReporter -->
<testsuite hostname="DESKTOP-H8SHR0P" failures="0" tests="2" name="SeleniumPractice.SampleTest" time="0.009" errors="0" timestamp="2023-04-14T15:36:20 IST" skipped="0">
  <testcase classname="SeleniumPractice.SampleTest" name="demoTest2" time="0.002"/>
  <system-out/>
  <testcase classname="SeleniumPractice.SampleTest" name="demoTest1" time="0.007"/>
  <system-out/>
</testsuite> <!-- SeleniumPractice.SampleTest -->
