<?xml version="1.0" encoding="UTF-8"?>
<!-- Generated by org.testng.reporters.JUnitReportReporter -->
<testsuite hostname="DESKTOP-H8SHR0P" failures="0" tests="3" name="SeleniumPractice.TestNgAnnotation" time="0.024" errors="0" timestamp="2023-04-12T18:58:35 IST" skipped="0">
  <testcase classname="SeleniumPractice.TestNgAnnotation" name="frndReqst" time="0.004"/>
  <system-out/>
  <testcase classname="SeleniumPractice.TestNgAnnotation" name="Search" time="0.014"/>
  <system-out/>
  <testcase classname="SeleniumPractice.TestNgAnnotation" name="openChat" time="0.006"/>
  <system-out/>
</testsuite> <!-- SeleniumPractice.TestNgAnnotation -->
