<?xml version="1.0" encoding="UTF-8"?>
<!-- Generated by org.testng.reporters.JUnitReportReporter -->
<testsuite hostname="My_Pc" failures="0" tests="2" name="Pack1.TestNg2" time="0.008" errors="0" timestamp="2023-04-19T13:00:46 IST" skipped="0">
  <testcase classname="Pack1.TestNg2" name="BatchTest" time="0.004"/>
  <system-out/>
  <testcase classname="Pack1.TestNg2" name="logInToApp" time="0.004"/>
  <system-out/>
</testsuite> <!-- Pack1.TestNg2 -->
