<?xml version="1.0" encoding="UTF-8"?>
<!-- Generated by org.testng.reporters.JUnitReportReporter -->
<testsuite hostname="My_Pc" failures="0" tests="2" name="Pack1.TestNG1" time="0.014" errors="0" timestamp="2023-04-19T13:00:46 IST" skipped="0">
  <testcase classname="Pack1.TestNG1" name="searchProduct" time="0.006"/>
  <system-out/>
  <testcase classname="Pack1.TestNG1" name="addProduct" time="0.008"/>
  <system-out/>
</testsuite> <!-- Pack1.TestNG1 -->
