<?xml version="1.0" encoding="UTF-8"?>
<!-- Generated by org.testng.reporters.JUnitReportReporter -->
<testsuite hostname="DESKTOP-H8SHR0P" failures="0" tests="3" name="SeleniumPractice.TsetNGPractice" time="17.524" errors="0" timestamp="2023-04-14T13:54:50 IST" skipped="0">
  <testcase classname="SeleniumPractice.TsetNGPractice" name="test2" time="0.001"/>
  <system-out/>
  <testcase classname="SeleniumPractice.TsetNGPractice" name="test3" time="0.002"/>
  <system-out/>
  <testcase classname="SeleniumPractice.TsetNGPractice" name="searchProductTest" time="17.521"/>
  <system-out/>
</testsuite> <!-- SeleniumPractice.TsetNGPractice -->
