<?xml version="1.0" encoding="UTF-8"?>
<!-- Generated by org.testng.reporters.JUnitReportReporter -->
<testsuite hostname="SHALINIK-IN" name="com.pack3.testng.Test3" tests="2" failures="0" timestamp="19 Apr 2023 01:58:48 GMT" time="0.005" errors="0">
  <testcase name="loginToFacebookTest" time="0.002" classname="com.pack3.testng.Test3"/>
  <testcase name="createAccountTest" time="0.003" classname="com.pack3.testng.Test3"/>
</testsuite> <!-- com.pack3.testng.Test3 -->
